# JRE version: Java(TM) SE Runtime Environment (8.0_66-b18) (build 1.8.0_66-b18)
# Java VM: Java HotSpot(TM) 64-Bit Server VM (25.66-b18 mixed mode windows-amd64 compressed oops)
Heap:
 PSYoungGen      total 55296K, used 44484K [0x00000007bc400000, 0x00000007c0000000, 0x00000007c0000000)
  eden space 49152K, 89% used [0x00000007bc400000,0x00000007beed91e8,0x00000007bf400000)
  from space 6144K, 9% used [0x00000007bf400000,0x00000007bf498000,0x00000007bfa00000)
  to   space 6144K, 0% used [0x00000007bfa00000,0x00000007bfa00000,0x00000007c0000000)
 ParOldGen       total 118784K, used 76967K [0x0000000700000000, 0x0000000707400000, 0x00000007bc400000)
  object space 118784K, 64% used [0x0000000700000000,0x0000000704b29ed0,0x0000000707400000)
 Metaspace       used 76916K, capacity 77701K, committed 78208K, reserved 1116160K
  class space    used 10919K, capacity 11061K, committed 11136K, reserved 1048576K
GC Heap History (10 events):
Event: 4791.530 GC heap before
{Heap before GC invocations=196 (full 13):
 PSYoungGen      total 54784K, used 50552K [0x00000007bc400000, 0x00000007c0000000, 0x00000007c0000000)
  eden space 48128K, 100% used [0x00000007bc400000,0x00000007bf300000,0x00000007bf300000)
  from space 6656K, 36% used [0x00000007bf980000,0x00000007bfbde2c8,0x00000007c0000000)
  to   space 6656K, 0% used [0x00000007bf300000,0x00000007bf300000,0x00000007bf980000)
 ParOldGen       total 118784K, used 74743K [0x0000000700000000, 0x0000000707400000, 0x00000007bc400000)
  object space 118784K, 62% used [0x0000000700000000,0x00000007048fdf78,0x0000000707400000)
 Metaspace       used 76890K, capacity 77701K, committed 78208K, reserved 1116160K
  class space    used 10919K, capacity 11061K, committed 11136K, reserved 1048576K
Event: 4791.537 GC heap after
Heap after GC invocations=196 (full 13):
 PSYoungGen      total 54784K, used 1220K [0x00000007bc400000, 0x00000007c0000000, 0x00000007c0000000)
  eden space 48128K, 0% used [0x00000007bc400000,0x00000007bc400000,0x00000007bf300000)
  from space 6656K, 18% used [0x00000007bf300000,0x00000007bf4310c0,0x00000007bf980000)
  to   space 6656K, 0% used [0x00000007bf980000,0x00000007bf980000,0x00000007c0000000)
 ParOldGen       total 118784K, used 75991K [0x0000000700000000, 0x0000000707400000, 0x00000007bc400000)
  object space 118784K, 63% used [0x0000000700000000,0x0000000704a35c80,0x0000000707400000)
 Metaspace       used 76890K, capacity 77701K, committed 78208K, reserved 1116160K
  class space    used 10919K, capacity 11061K, committed 11136K, reserved 1048576K
}
Event: 4792.736 GC heap before
{Heap before GC invocations=197 (full 13):
 PSYoungGen      total 54784K, used 49348K [0x00000007bc400000, 0x00000007c0000000, 0x00000007c0000000)
  eden space 48128K, 100% used [0x00000007bc400000,0x00000007bf300000,0x00000007bf300000)
  from space 6656K, 18% used [0x00000007bf300000,0x00000007bf4310c0,0x00000007bf980000)
  to   space 6656K, 0% used [0x00000007bf980000,0x00000007bf980000,0x00000007c0000000)
 ParOldGen       total 118784K, used 75991K [0x0000000700000000, 0x0000000707400000, 0x00000007bc400000)
  object space 118784K, 63% used [0x0000000700000000,0x0000000704a35c80,0x0000000707400000)
 Metaspace       used 76890K, capacity 77701K, committed 78208K, reserved 1116160K
  class space    used 10919K, capacity 11061K, committed 11136K, reserved 1048576K
Event: 4792.743 GC heap after
Heap after GC invocations=197 (full 13):
 PSYoungGen      total 55296K, used 590K [0x00000007bc400000, 0x00000007c0000000, 0x00000007c0000000)
  eden space 48640K, 0% used [0x00000007bc400000,0x00000007bc400000,0x00000007bf380000)
  from space 6656K, 8% used [0x00000007bf980000,0x00000007bfa13b80,0x00000007c0000000)
  to   space 6144K, 0% used [0x00000007bf380000,0x00000007bf380000,0x00000007bf980000)
 ParOldGen       total 118784K, used 76640K [0x0000000700000000, 0x0000000707400000, 0x00000007bc400000)
  object space 118784K, 64% used [0x0000000700000000,0x0000000704ad8350,0x0000000707400000)
 Metaspace       used 76890K, capacity 77701K, committed 78208K, reserved 1116160K
  class space    used 10919K, capacity 11061K, committed 11136K, reserved 1048576K
}
Event: 4793.767 GC heap before
{Heap before GC invocations=198 (full 13):
 PSYoungGen      total 55296K, used 49230K [0x00000007bc400000, 0x00000007c0000000, 0x00000007c0000000)
  eden space 48640K, 100% used [0x00000007bc400000,0x00000007bf380000,0x00000007bf380000)
  from space 6656K, 8% used [0x00000007bf980000,0x00000007bfa13b80,0x00000007c0000000)
  to   space 6144K, 0% used [0x00000007bf380000,0x00000007bf380000,0x00000007bf980000)
 ParOldGen       total 118784K, used 76640K [0x0000000700000000, 0x0000000707400000, 0x00000007bc400000)
  object space 118784K, 64% used [0x0000000700000000,0x0000000704ad8350,0x0000000707400000)
 Metaspace       used 76890K, capacity 77701K, committed 78208K, reserved 1116160K
  class space    used 10919K, capacity 11061K, committed 11136K, reserved 1048576K
Event: 4793.772 GC heap after
Heap after GC invocations=198 (full 13):
 PSYoungGen      total 54784K, used 608K [0x00000007bc400000, 0x00000007c0000000, 0x00000007c0000000)
  eden space 48640K, 0% used [0x00000007bc400000,0x00000007bc400000,0x00000007bf380000)
  from space 6144K, 9% used [0x00000007bf380000,0x00000007bf418000,0x00000007bf980000)
  to   space 6144K, 0% used [0x00000007bfa00000,0x00000007bfa00000,0x00000007c0000000)
 ParOldGen       total 118784K, used 76927K [0x0000000700000000, 0x0000000707400000, 0x00000007bc400000)
  object space 118784K, 64% used [0x0000000700000000,0x0000000704b1fed0,0x0000000707400000)
 Metaspace       used 76890K, capacity 77701K, committed 78208K, reserved 1116160K
  class space    used 10919K, capacity 11061K, committed 11136K, reserved 1048576K
}
Event: 4794.476 GC heap before
{Heap before GC invocations=199 (full 13):
 PSYoungGen      total 54784K, used 49248K [0x00000007bc400000, 0x00000007c0000000, 0x00000007c0000000)
  eden space 48640K, 100% used [0x00000007bc400000,0x00000007bf380000,0x00000007bf380000)
  from space 6144K, 9% used [0x00000007bf380000,0x00000007bf418000,0x00000007bf980000)
  to   space 6144K, 0% used [0x00000007bfa00000,0x00000007bfa00000,0x00000007c0000000)
 ParOldGen       total 118784K, used 76927K [0x0000000700000000, 0x0000000707400000, 0x00000007bc400000)
  object space 118784K, 64% used [0x0000000700000000,0x0000000704b1fed0,0x0000000707400000)
 Metaspace       used 76890K, capacity 77701K, committed 78208K, reserved 1116160K
  class space    used 10919K, capacity 11061K, committed 11136K, reserved 1048576K
Event: 4794.482 GC heap after
Heap after GC invocations=199 (full 13):
 PSYoungGen      total 55296K, used 594K [0x00000007bc400000, 0x00000007c0000000, 0x00000007c0000000)
  eden space 49152K, 0% used [0x00000007bc400000,0x00000007bc400000,0x00000007bf400000)
  from space 6144K, 9% used [0x00000007bfa00000,0x00000007bfa94b88,0x00000007c0000000)
  to   space 6144K, 0% used [0x00000007bf400000,0x00000007bf400000,0x00000007bfa00000)
 ParOldGen       total 118784K, used 76943K [0x0000000700000000, 0x0000000707400000, 0x00000007bc400000)
  object space 118784K, 64% used [0x0000000700000000,0x0000000704b23ed0,0x0000000707400000)
 Metaspace       used 76890K, capacity 77701K, committed 78208K, reserved 1116160K
  class space    used 10919K, capacity 11061K, committed 11136K, reserved 1048576K
}
Event: 4794.943 GC heap before
{Heap before GC invocations=200 (full 13):
 PSYoungGen      total 55296K, used 49746K [0x00000007bc400000, 0x00000007c0000000, 0x00000007c0000000)
  eden space 49152K, 100% used [0x00000007bc400000,0x00000007bf400000,0x00000007bf400000)
  from space 6144K, 9% used [0x00000007bfa00000,0x00000007bfa94b88,0x00000007c0000000)
  to   space 6144K, 0% used [0x00000007bf400000,0x00000007bf400000,0x00000007bfa00000)
 ParOldGen       total 118784K, used 76943K [0x0000000700000000, 0x0000000707400000, 0x00000007bc400000)
  object space 118784K, 64% used [0x0000000700000000,0x0000000704b23ed0,0x0000000707400000)
 Metaspace       used 76890K, capacity 77701K, committed 78208K, reserved 1116160K
  class space    used 10919K, capacity 11061K, committed 11136K, reserved 1048576K
Event: 4794.948 GC heap after
Heap after GC invocations=200 (full 13):
 PSYoungGen      total 55296K, used 608K [0x00000007bc400000, 0x00000007c0000000, 0x00000007c0000000)
  eden space 49152K, 0% used [0x00000007bc400000,0x00000007bc400000,0x00000007bf400000)
  from space 6144K, 9% used [0x00000007bf400000,0x00000007bf498000,0x00000007bfa00000)
  to   space 6144K, 0% used [0x00000007bfa00000,0x00000007bfa00000,0x00000007c0000000)
 ParOldGen       total 118784K, used 76967K [0x0000000700000000, 0x0000000707400000, 0x00000007bc400000)
  object space 118784K, 64% used [0x0000000700000000,0x0000000704b29ed0,0x0000000707400000)
 Metaspace       used 76890K, capacity 77701K, committed 78208K, reserved 1116160K
  class space    used 10919K, capacity 11061K, committed 11136K, reserved 1048576K
}

